[2023-01-27T15:04:33.694+0000] {taskinstance.py:1083} INFO - Dependencies all met for <TaskInstance: crawl_tienphong.crawler manual__2023-01-27T15:04:31.631161+00:00 [queued]>
[2023-01-27T15:04:33.707+0000] {taskinstance.py:1083} INFO - Dependencies all met for <TaskInstance: crawl_tienphong.crawler manual__2023-01-27T15:04:31.631161+00:00 [queued]>
[2023-01-27T15:04:33.708+0000] {taskinstance.py:1279} INFO - 
--------------------------------------------------------------------------------
[2023-01-27T15:04:33.708+0000] {taskinstance.py:1280} INFO - Starting attempt 1 of 4
[2023-01-27T15:04:33.708+0000] {taskinstance.py:1281} INFO - 
--------------------------------------------------------------------------------
[2023-01-27T15:04:33.731+0000] {taskinstance.py:1300} INFO - Executing <Task(BashOperator): crawler> on 2023-01-27 15:04:31.631161+00:00
[2023-01-27T15:04:33.737+0000] {standard_task_runner.py:55} INFO - Started process 5576 to run task
[2023-01-27T15:04:33.741+0000] {standard_task_runner.py:82} INFO - Running: ['***', 'tasks', 'run', 'crawl_tienphong', 'crawler', 'manual__2023-01-27T15:04:31.631161+00:00', '--job-id', '451', '--raw', '--subdir', 'DAGS_FOLDER/crawl_tienphong.py', '--cfg-path', '/tmp/tmpvsl58e53']
[2023-01-27T15:04:33.741+0000] {standard_task_runner.py:83} INFO - Job 451: Subtask crawler
[2023-01-27T15:04:33.833+0000] {task_command.py:388} INFO - Running <TaskInstance: crawl_tienphong.crawler manual__2023-01-27T15:04:31.631161+00:00 [running]> on host 9be4ecca8506
[2023-01-27T15:04:33.987+0000] {taskinstance.py:1509} INFO - Exporting the following env vars:
AIRFLOW_CTX_DAG_OWNER=phukaioh
AIRFLOW_CTX_DAG_ID=crawl_tienphong
AIRFLOW_CTX_TASK_ID=crawler
AIRFLOW_CTX_EXECUTION_DATE=2023-01-27T15:04:31.631161+00:00
AIRFLOW_CTX_TRY_NUMBER=1
AIRFLOW_CTX_DAG_RUN_ID=manual__2023-01-27T15:04:31.631161+00:00
[2023-01-27T15:04:33.988+0000] {subprocess.py:63} INFO - Tmp dir root location: 
 /tmp
[2023-01-27T15:04:33.989+0000] {subprocess.py:75} INFO - Running command: ['/bin/bash', '-c', 'cd /opt/project/ && ls -la && pip install scrapy && bash run_crawl_tienphong.sh 2023-01-27 -s FEED_EXPORT_ENCODING=utf-8 ']
[2023-01-27T15:04:34.005+0000] {subprocess.py:86} INFO - Output:
[2023-01-27T15:04:34.010+0000] {subprocess.py:93} INFO - total 36
[2023-01-27T15:04:34.011+0000] {subprocess.py:93} INFO - drwxrwxr-x 5 default 1001 4096 Jan 27 14:40 .
[2023-01-27T15:04:34.011+0000] {subprocess.py:93} INFO - drwxr-xr-x 1 root    root 4096 Jan 27 13:53 ..
[2023-01-27T15:04:34.011+0000] {subprocess.py:93} INFO - drwxrwxr-x 4 default 1001 4096 Jan 26 03:12 crawler
[2023-01-27T15:04:34.011+0000] {subprocess.py:93} INFO - drwxrwxr-x 2 default 1001 4096 Jan 27 15:02 data
[2023-01-27T15:04:34.012+0000] {subprocess.py:93} INFO - -rw-rw-r-- 1 default 1001   57 Jan 27 15:03 run_crawl_tienphong.sh
[2023-01-27T15:04:34.012+0000] {subprocess.py:93} INFO - -rw-rw-r-- 1 default 1001  257 Jan 26 03:08 scrapy.cfg
[2023-01-27T15:04:34.012+0000] {subprocess.py:93} INFO - drwxrwxr-x 2 default 1001 4096 Jan 27 13:29 source
[2023-01-27T15:04:34.012+0000] {subprocess.py:93} INFO - -rw-rw-r-- 1 default 1001    6 Jan 27 13:16 test.sh
[2023-01-27T15:04:35.301+0000] {subprocess.py:93} INFO - Defaulting to user installation because normal site-packages is not writeable
[2023-01-27T15:04:35.654+0000] {subprocess.py:93} INFO - Requirement already satisfied: scrapy in /home/***/.local/lib/python3.7/site-packages (2.7.1)
[2023-01-27T15:04:35.693+0000] {subprocess.py:93} INFO - Requirement already satisfied: pyOpenSSL>=21.0.0 in /home/***/.local/lib/python3.7/site-packages (from scrapy) (22.1.0)
[2023-01-27T15:04:35.696+0000] {subprocess.py:93} INFO - Requirement already satisfied: zope.interface>=5.1.0 in /home/***/.local/lib/python3.7/site-packages (from scrapy) (5.5.2)
[2023-01-27T15:04:35.698+0000] {subprocess.py:93} INFO - Requirement already satisfied: Twisted>=18.9.0 in /home/***/.local/lib/python3.7/site-packages (from scrapy) (22.10.0)
[2023-01-27T15:04:35.700+0000] {subprocess.py:93} INFO - Requirement already satisfied: parsel>=1.5.0 in /home/***/.local/lib/python3.7/site-packages (from scrapy) (1.7.0)
[2023-01-27T15:04:35.703+0000] {subprocess.py:93} INFO - Requirement already satisfied: PyDispatcher>=2.0.5 in /home/***/.local/lib/python3.7/site-packages (from scrapy) (2.0.6)
[2023-01-27T15:04:35.704+0000] {subprocess.py:93} INFO - Requirement already satisfied: setuptools in /usr/local/lib/python3.7/site-packages (from scrapy) (57.5.0)
[2023-01-27T15:04:35.707+0000] {subprocess.py:93} INFO - Requirement already satisfied: lxml>=4.3.0 in /home/***/.local/lib/python3.7/site-packages (from scrapy) (4.9.2)
[2023-01-27T15:04:35.709+0000] {subprocess.py:93} INFO - Requirement already satisfied: cssselect>=0.9.1 in /home/***/.local/lib/python3.7/site-packages (from scrapy) (1.2.0)
[2023-01-27T15:04:35.711+0000] {subprocess.py:93} INFO - Requirement already satisfied: queuelib>=1.4.2 in /home/***/.local/lib/python3.7/site-packages (from scrapy) (1.6.2)
[2023-01-27T15:04:35.713+0000] {subprocess.py:93} INFO - Requirement already satisfied: cryptography>=3.3 in /home/***/.local/lib/python3.7/site-packages (from scrapy) (38.0.4)
[2023-01-27T15:04:35.714+0000] {subprocess.py:93} INFO - Requirement already satisfied: itemadapter>=0.1.0 in /home/***/.local/lib/python3.7/site-packages (from scrapy) (0.7.0)
[2023-01-27T15:04:35.717+0000] {subprocess.py:93} INFO - Requirement already satisfied: protego>=0.1.15 in /home/***/.local/lib/python3.7/site-packages (from scrapy) (0.2.1)
[2023-01-27T15:04:35.718+0000] {subprocess.py:93} INFO - Requirement already satisfied: tldextract in /home/***/.local/lib/python3.7/site-packages (from scrapy) (3.4.0)
[2023-01-27T15:04:35.720+0000] {subprocess.py:93} INFO - Requirement already satisfied: itemloaders>=1.0.1 in /home/***/.local/lib/python3.7/site-packages (from scrapy) (1.0.6)
[2023-01-27T15:04:35.722+0000] {subprocess.py:93} INFO - Requirement already satisfied: service-identity>=18.1.0 in /home/***/.local/lib/python3.7/site-packages (from scrapy) (21.1.0)
[2023-01-27T15:04:35.724+0000] {subprocess.py:93} INFO - Requirement already satisfied: packaging in /home/***/.local/lib/python3.7/site-packages (from scrapy) (21.3)
[2023-01-27T15:04:35.726+0000] {subprocess.py:93} INFO - Requirement already satisfied: w3lib>=1.17.0 in /home/***/.local/lib/python3.7/site-packages (from scrapy) (2.1.1)
[2023-01-27T15:04:35.773+0000] {subprocess.py:93} INFO - Requirement already satisfied: cffi>=1.12 in /home/***/.local/lib/python3.7/site-packages (from cryptography>=3.3->scrapy) (1.15.1)
[2023-01-27T15:04:35.786+0000] {subprocess.py:93} INFO - Requirement already satisfied: jmespath>=0.9.5 in /home/***/.local/lib/python3.7/site-packages (from itemloaders>=1.0.1->scrapy) (0.10.0)
[2023-01-27T15:04:35.809+0000] {subprocess.py:93} INFO - Requirement already satisfied: six in /home/***/.local/lib/python3.7/site-packages (from protego>=0.1.15->scrapy) (1.16.0)
[2023-01-27T15:04:35.870+0000] {subprocess.py:93} INFO - Requirement already satisfied: pyasn1 in /home/***/.local/lib/python3.7/site-packages (from service-identity>=18.1.0->scrapy) (0.4.8)
[2023-01-27T15:04:35.873+0000] {subprocess.py:93} INFO - Requirement already satisfied: attrs>=19.1.0 in /home/***/.local/lib/python3.7/site-packages (from service-identity>=18.1.0->scrapy) (22.2.0)
[2023-01-27T15:04:35.875+0000] {subprocess.py:93} INFO - Requirement already satisfied: pyasn1-modules in /home/***/.local/lib/python3.7/site-packages (from service-identity>=18.1.0->scrapy) (0.2.8)
[2023-01-27T15:04:36.289+0000] {subprocess.py:93} INFO - Requirement already satisfied: Automat>=0.8.0 in /home/***/.local/lib/python3.7/site-packages (from Twisted>=18.9.0->scrapy) (22.10.0)
[2023-01-27T15:04:36.291+0000] {subprocess.py:93} INFO - Requirement already satisfied: hyperlink>=17.1.1 in /home/***/.local/lib/python3.7/site-packages (from Twisted>=18.9.0->scrapy) (21.0.0)
[2023-01-27T15:04:36.293+0000] {subprocess.py:93} INFO - Requirement already satisfied: constantly>=15.1 in /home/***/.local/lib/python3.7/site-packages (from Twisted>=18.9.0->scrapy) (15.1.0)
[2023-01-27T15:04:36.294+0000] {subprocess.py:93} INFO - Requirement already satisfied: typing-extensions>=3.6.5 in /home/***/.local/lib/python3.7/site-packages (from Twisted>=18.9.0->scrapy) (4.4.0)
[2023-01-27T15:04:36.296+0000] {subprocess.py:93} INFO - Requirement already satisfied: incremental>=21.3.0 in /home/***/.local/lib/python3.7/site-packages (from Twisted>=18.9.0->scrapy) (22.10.0)
[2023-01-27T15:04:36.325+0000] {subprocess.py:93} INFO - Requirement already satisfied: pyparsing!=3.0.5,>=2.0.2 in /home/***/.local/lib/python3.7/site-packages (from packaging->scrapy) (3.0.9)
[2023-01-27T15:04:36.359+0000] {subprocess.py:93} INFO - Requirement already satisfied: requests-file>=1.4 in /home/***/.local/lib/python3.7/site-packages (from tldextract->scrapy) (1.5.1)
[2023-01-27T15:04:36.361+0000] {subprocess.py:93} INFO - Requirement already satisfied: requests>=2.1.0 in /home/***/.local/lib/python3.7/site-packages (from tldextract->scrapy) (2.28.2)
[2023-01-27T15:04:36.362+0000] {subprocess.py:93} INFO - Requirement already satisfied: idna in /home/***/.local/lib/python3.7/site-packages (from tldextract->scrapy) (3.4)
[2023-01-27T15:04:36.364+0000] {subprocess.py:93} INFO - Requirement already satisfied: filelock>=3.0.8 in /home/***/.local/lib/python3.7/site-packages (from tldextract->scrapy) (3.9.0)
[2023-01-27T15:04:36.443+0000] {subprocess.py:93} INFO - Requirement already satisfied: pycparser in /home/***/.local/lib/python3.7/site-packages (from cffi>=1.12->cryptography>=3.3->scrapy) (2.21)
[2023-01-27T15:04:36.525+0000] {subprocess.py:93} INFO - Requirement already satisfied: urllib3<1.27,>=1.21.1 in /home/***/.local/lib/python3.7/site-packages (from requests>=2.1.0->tldextract->scrapy) (1.26.14)
[2023-01-27T15:04:36.527+0000] {subprocess.py:93} INFO - Requirement already satisfied: certifi>=2017.4.17 in /home/***/.local/lib/python3.7/site-packages (from requests>=2.1.0->tldextract->scrapy) (2022.12.7)
[2023-01-27T15:04:36.529+0000] {subprocess.py:93} INFO - Requirement already satisfied: charset-normalizer<4,>=2 in /home/***/.local/lib/python3.7/site-packages (from requests>=2.1.0->tldextract->scrapy) (2.1.1)
[2023-01-27T15:04:49.386+0000] {subprocess.py:93} INFO - Usage
[2023-01-27T15:04:49.386+0000] {subprocess.py:93} INFO - =====
[2023-01-27T15:04:49.386+0000] {subprocess.py:93} INFO -   scrapy runspider [options] <spider_file>
[2023-01-27T15:04:49.387+0000] {subprocess.py:93} INFO - runspider: error: Unrecognized output format ''. Set a supported one (('json', 'jsonlines', 'jsonl', 'jl', 'csv', 'xml', 'marshal', 'pickle')) after a colon at the end of the output URI (i.e. -o/-O <URI>:<FORMAT>) or as a file extension.
[2023-01-27T15:04:49.461+0000] {subprocess.py:97} INFO - Command exited with return code 2
[2023-01-27T15:04:49.474+0000] {taskinstance.py:1768} ERROR - Task failed with exception
Traceback (most recent call last):
  File "/home/airflow/.local/lib/python3.7/site-packages/airflow/operators/bash.py", line 197, in execute
    f"Bash command failed. The command returned a non-zero exit code {result.exit_code}."
airflow.exceptions.AirflowException: Bash command failed. The command returned a non-zero exit code 2.
[2023-01-27T15:04:49.477+0000] {taskinstance.py:1323} INFO - Marking task as UP_FOR_RETRY. dag_id=crawl_tienphong, task_id=crawler, execution_date=20230127T150431, start_date=20230127T150433, end_date=20230127T150449
[2023-01-27T15:04:49.522+0000] {standard_task_runner.py:105} ERROR - Failed to execute job 451 for task crawler (Bash command failed. The command returned a non-zero exit code 2.; 5576)
[2023-01-27T15:04:49.564+0000] {local_task_job.py:208} INFO - Task exited with return code 1
[2023-01-27T15:04:49.596+0000] {taskinstance.py:2578} INFO - 0 downstream tasks scheduled from follow-on schedule check
