[2023-01-29T14:41:48.337+0000] {taskinstance.py:1083} INFO - Dependencies all met for <TaskInstance: crawl_tienphong.crawler manual__2023-01-29T14:41:46.335180+00:00 [queued]>
[2023-01-29T14:41:48.350+0000] {taskinstance.py:1083} INFO - Dependencies all met for <TaskInstance: crawl_tienphong.crawler manual__2023-01-29T14:41:46.335180+00:00 [queued]>
[2023-01-29T14:41:48.350+0000] {taskinstance.py:1279} INFO - 
--------------------------------------------------------------------------------
[2023-01-29T14:41:48.350+0000] {taskinstance.py:1280} INFO - Starting attempt 1 of 4
[2023-01-29T14:41:48.350+0000] {taskinstance.py:1281} INFO - 
--------------------------------------------------------------------------------
[2023-01-29T14:41:48.373+0000] {taskinstance.py:1300} INFO - Executing <Task(BashOperator): crawler> on 2023-01-29 14:41:46.335180+00:00
[2023-01-29T14:41:48.379+0000] {standard_task_runner.py:55} INFO - Started process 7380 to run task
[2023-01-29T14:41:48.381+0000] {standard_task_runner.py:82} INFO - Running: ['***', 'tasks', 'run', 'crawl_tienphong', 'crawler', 'manual__2023-01-29T14:41:46.335180+00:00', '--job-id', '1352', '--raw', '--subdir', 'DAGS_FOLDER/crawl_tienphong.py', '--cfg-path', '/tmp/tmptjp3gjhl']
[2023-01-29T14:41:48.382+0000] {standard_task_runner.py:83} INFO - Job 1352: Subtask crawler
[2023-01-29T14:41:48.450+0000] {task_command.py:388} INFO - Running <TaskInstance: crawl_tienphong.crawler manual__2023-01-29T14:41:46.335180+00:00 [running]> on host 9be4ecca8506
[2023-01-29T14:41:48.540+0000] {taskinstance.py:1509} INFO - Exporting the following env vars:
AIRFLOW_CTX_DAG_OWNER=phukaioh
AIRFLOW_CTX_DAG_ID=crawl_tienphong
AIRFLOW_CTX_TASK_ID=crawler
AIRFLOW_CTX_EXECUTION_DATE=2023-01-29T14:41:46.335180+00:00
AIRFLOW_CTX_TRY_NUMBER=1
AIRFLOW_CTX_DAG_RUN_ID=manual__2023-01-29T14:41:46.335180+00:00
[2023-01-29T14:41:48.541+0000] {subprocess.py:63} INFO - Tmp dir root location: 
 /tmp
[2023-01-29T14:41:48.541+0000] {subprocess.py:75} INFO - Running command: ['/bin/bash', '-c', 'cd /opt/project/ && ls -la && pip install scrapy && bash run_crawl_tienphong.shtienphong-29-01-2023.json ']
[2023-01-29T14:41:48.551+0000] {subprocess.py:86} INFO - Output:
[2023-01-29T14:41:48.556+0000] {subprocess.py:93} INFO - total 40
[2023-01-29T14:41:48.556+0000] {subprocess.py:93} INFO - drwxrwxr-x 5 default 1001 4096 Jan 29 14:37 .
[2023-01-29T14:41:48.556+0000] {subprocess.py:93} INFO - drwxr-xr-x 1 root    root 4096 Jan 27 13:53 ..
[2023-01-29T14:41:48.557+0000] {subprocess.py:93} INFO - drwxrwxr-x 4 default 1001 4096 Jan 26 03:12 crawler
[2023-01-29T14:41:48.557+0000] {subprocess.py:93} INFO - drwxrwxr-x 2 default 1001 4096 Jan 29 14:36 data
[2023-01-29T14:41:48.557+0000] {subprocess.py:93} INFO - -rw-rw-r-- 1 default 1001   87 Jan 29 14:36 run_crawl_tienphong.sh
[2023-01-29T14:41:48.557+0000] {subprocess.py:93} INFO - -rw-rw-r-- 1 default 1001  257 Jan 26 03:08 scrapy.cfg
[2023-01-29T14:41:48.557+0000] {subprocess.py:93} INFO - drwxrwxr-x 2 default 1001 4096 Jan 27 13:29 source
[2023-01-29T14:41:48.557+0000] {subprocess.py:93} INFO - -rw-rw-r-- 1 default 1001  119 Jan 29 14:38 test.py
[2023-01-29T14:41:48.557+0000] {subprocess.py:93} INFO - -rw-rw-r-- 1 default 1001    6 Jan 27 13:16 test.sh
[2023-01-29T14:41:49.859+0000] {subprocess.py:93} INFO - Defaulting to user installation because normal site-packages is not writeable
[2023-01-29T14:41:50.157+0000] {subprocess.py:93} INFO - Requirement already satisfied: scrapy in /home/***/.local/lib/python3.7/site-packages (2.7.1)
[2023-01-29T14:41:50.186+0000] {subprocess.py:93} INFO - Requirement already satisfied: itemadapter>=0.1.0 in /home/***/.local/lib/python3.7/site-packages (from scrapy) (0.7.0)
[2023-01-29T14:41:50.188+0000] {subprocess.py:93} INFO - Requirement already satisfied: cssselect>=0.9.1 in /home/***/.local/lib/python3.7/site-packages (from scrapy) (1.2.0)
[2023-01-29T14:41:50.189+0000] {subprocess.py:93} INFO - Requirement already satisfied: cryptography>=3.3 in /home/***/.local/lib/python3.7/site-packages (from scrapy) (38.0.4)
[2023-01-29T14:41:50.190+0000] {subprocess.py:93} INFO - Requirement already satisfied: pyOpenSSL>=21.0.0 in /home/***/.local/lib/python3.7/site-packages (from scrapy) (22.1.0)
[2023-01-29T14:41:50.191+0000] {subprocess.py:93} INFO - Requirement already satisfied: queuelib>=1.4.2 in /home/***/.local/lib/python3.7/site-packages (from scrapy) (1.6.2)
[2023-01-29T14:41:50.193+0000] {subprocess.py:93} INFO - Requirement already satisfied: zope.interface>=5.1.0 in /home/***/.local/lib/python3.7/site-packages (from scrapy) (5.5.2)
[2023-01-29T14:41:50.194+0000] {subprocess.py:93} INFO - Requirement already satisfied: service-identity>=18.1.0 in /home/***/.local/lib/python3.7/site-packages (from scrapy) (21.1.0)
[2023-01-29T14:41:50.195+0000] {subprocess.py:93} INFO - Requirement already satisfied: setuptools in /usr/local/lib/python3.7/site-packages (from scrapy) (57.5.0)
[2023-01-29T14:41:50.196+0000] {subprocess.py:93} INFO - Requirement already satisfied: lxml>=4.3.0 in /home/***/.local/lib/python3.7/site-packages (from scrapy) (4.9.2)
[2023-01-29T14:41:50.197+0000] {subprocess.py:93} INFO - Requirement already satisfied: itemloaders>=1.0.1 in /home/***/.local/lib/python3.7/site-packages (from scrapy) (1.0.6)
[2023-01-29T14:41:50.199+0000] {subprocess.py:93} INFO - Requirement already satisfied: PyDispatcher>=2.0.5 in /home/***/.local/lib/python3.7/site-packages (from scrapy) (2.0.6)
[2023-01-29T14:41:50.200+0000] {subprocess.py:93} INFO - Requirement already satisfied: tldextract in /home/***/.local/lib/python3.7/site-packages (from scrapy) (3.4.0)
[2023-01-29T14:41:50.202+0000] {subprocess.py:93} INFO - Requirement already satisfied: protego>=0.1.15 in /home/***/.local/lib/python3.7/site-packages (from scrapy) (0.2.1)
[2023-01-29T14:41:50.203+0000] {subprocess.py:93} INFO - Requirement already satisfied: Twisted>=18.9.0 in /home/***/.local/lib/python3.7/site-packages (from scrapy) (22.10.0)
[2023-01-29T14:41:50.206+0000] {subprocess.py:93} INFO - Requirement already satisfied: parsel>=1.5.0 in /home/***/.local/lib/python3.7/site-packages (from scrapy) (1.7.0)
[2023-01-29T14:41:50.207+0000] {subprocess.py:93} INFO - Requirement already satisfied: packaging in /home/***/.local/lib/python3.7/site-packages (from scrapy) (21.3)
[2023-01-29T14:41:50.208+0000] {subprocess.py:93} INFO - Requirement already satisfied: w3lib>=1.17.0 in /home/***/.local/lib/python3.7/site-packages (from scrapy) (2.1.1)
[2023-01-29T14:41:50.249+0000] {subprocess.py:93} INFO - Requirement already satisfied: cffi>=1.12 in /home/***/.local/lib/python3.7/site-packages (from cryptography>=3.3->scrapy) (1.15.1)
[2023-01-29T14:41:50.259+0000] {subprocess.py:93} INFO - Requirement already satisfied: jmespath>=0.9.5 in /home/***/.local/lib/python3.7/site-packages (from itemloaders>=1.0.1->scrapy) (0.10.0)
[2023-01-29T14:41:50.280+0000] {subprocess.py:93} INFO - Requirement already satisfied: six in /home/***/.local/lib/python3.7/site-packages (from protego>=0.1.15->scrapy) (1.16.0)
[2023-01-29T14:41:50.328+0000] {subprocess.py:93} INFO - Requirement already satisfied: pyasn1-modules in /home/***/.local/lib/python3.7/site-packages (from service-identity>=18.1.0->scrapy) (0.2.8)
[2023-01-29T14:41:50.328+0000] {subprocess.py:93} INFO - Requirement already satisfied: pyasn1 in /home/***/.local/lib/python3.7/site-packages (from service-identity>=18.1.0->scrapy) (0.4.8)
[2023-01-29T14:41:50.330+0000] {subprocess.py:93} INFO - Requirement already satisfied: attrs>=19.1.0 in /home/***/.local/lib/python3.7/site-packages (from service-identity>=18.1.0->scrapy) (22.2.0)
[2023-01-29T14:41:50.707+0000] {subprocess.py:93} INFO - Requirement already satisfied: constantly>=15.1 in /home/***/.local/lib/python3.7/site-packages (from Twisted>=18.9.0->scrapy) (15.1.0)
[2023-01-29T14:41:50.709+0000] {subprocess.py:93} INFO - Requirement already satisfied: Automat>=0.8.0 in /home/***/.local/lib/python3.7/site-packages (from Twisted>=18.9.0->scrapy) (22.10.0)
[2023-01-29T14:41:50.710+0000] {subprocess.py:93} INFO - Requirement already satisfied: incremental>=21.3.0 in /home/***/.local/lib/python3.7/site-packages (from Twisted>=18.9.0->scrapy) (22.10.0)
[2023-01-29T14:41:50.712+0000] {subprocess.py:93} INFO - Requirement already satisfied: typing-extensions>=3.6.5 in /home/***/.local/lib/python3.7/site-packages (from Twisted>=18.9.0->scrapy) (4.4.0)
[2023-01-29T14:41:50.714+0000] {subprocess.py:93} INFO - Requirement already satisfied: hyperlink>=17.1.1 in /home/***/.local/lib/python3.7/site-packages (from Twisted>=18.9.0->scrapy) (21.0.0)
[2023-01-29T14:41:50.743+0000] {subprocess.py:93} INFO - Requirement already satisfied: pyparsing!=3.0.5,>=2.0.2 in /home/***/.local/lib/python3.7/site-packages (from packaging->scrapy) (3.0.9)
[2023-01-29T14:41:50.770+0000] {subprocess.py:93} INFO - Requirement already satisfied: idna in /home/***/.local/lib/python3.7/site-packages (from tldextract->scrapy) (3.4)
[2023-01-29T14:41:50.772+0000] {subprocess.py:93} INFO - Requirement already satisfied: filelock>=3.0.8 in /home/***/.local/lib/python3.7/site-packages (from tldextract->scrapy) (3.9.0)
[2023-01-29T14:41:50.773+0000] {subprocess.py:93} INFO - Requirement already satisfied: requests>=2.1.0 in /home/***/.local/lib/python3.7/site-packages (from tldextract->scrapy) (2.28.2)
[2023-01-29T14:41:50.775+0000] {subprocess.py:93} INFO - Requirement already satisfied: requests-file>=1.4 in /home/***/.local/lib/python3.7/site-packages (from tldextract->scrapy) (1.5.1)
[2023-01-29T14:41:50.862+0000] {subprocess.py:93} INFO - Requirement already satisfied: pycparser in /home/***/.local/lib/python3.7/site-packages (from cffi>=1.12->cryptography>=3.3->scrapy) (2.21)
[2023-01-29T14:41:50.945+0000] {subprocess.py:93} INFO - Requirement already satisfied: charset-normalizer<4,>=2 in /home/***/.local/lib/python3.7/site-packages (from requests>=2.1.0->tldextract->scrapy) (2.1.1)
[2023-01-29T14:41:50.947+0000] {subprocess.py:93} INFO - Requirement already satisfied: certifi>=2017.4.17 in /home/***/.local/lib/python3.7/site-packages (from requests>=2.1.0->tldextract->scrapy) (2022.12.7)
[2023-01-29T14:41:50.949+0000] {subprocess.py:93} INFO - Requirement already satisfied: urllib3<1.27,>=1.21.1 in /home/***/.local/lib/python3.7/site-packages (from requests>=2.1.0->tldextract->scrapy) (1.26.14)
[2023-01-29T14:41:59.153+0000] {subprocess.py:93} INFO - bash: run_crawl_tienphong.shtienphong-29-01-2023.json: No such file or directory
[2023-01-29T14:41:59.153+0000] {subprocess.py:97} INFO - Command exited with return code 127
[2023-01-29T14:41:59.163+0000] {taskinstance.py:1768} ERROR - Task failed with exception
Traceback (most recent call last):
  File "/home/airflow/.local/lib/python3.7/site-packages/airflow/operators/bash.py", line 197, in execute
    f"Bash command failed. The command returned a non-zero exit code {result.exit_code}."
airflow.exceptions.AirflowException: Bash command failed. The command returned a non-zero exit code 127.
[2023-01-29T14:41:59.167+0000] {taskinstance.py:1323} INFO - Marking task as UP_FOR_RETRY. dag_id=crawl_tienphong, task_id=crawler, execution_date=20230129T144146, start_date=20230129T144148, end_date=20230129T144159
[2023-01-29T14:41:59.184+0000] {standard_task_runner.py:105} ERROR - Failed to execute job 1352 for task crawler (Bash command failed. The command returned a non-zero exit code 127.; 7380)
[2023-01-29T14:41:59.192+0000] {local_task_job.py:208} INFO - Task exited with return code 1
[2023-01-29T14:41:59.211+0000] {taskinstance.py:2578} INFO - 0 downstream tasks scheduled from follow-on schedule check
